D:\Angular\APM\APM\src\app\app.component.js
D:\Angular\APM\APM\src\app\app.component.js.map
D:\Angular\APM\APM\src\app\Shared\PageNotFoundComponent.js
D:\Angular\APM\APM\src\app\Shared\PageNotFoundComponent.js.map
D:\Angular\APM\APM\src\app\Welcome\Welcome.component.js
D:\Angular\APM\APM\src\app\Welcome\Welcome.component.js.map
D:\Angular\APM\APM\src\app\Products\Product-Guard.Service.js
D:\Angular\APM\APM\src\app\Products\Product-Guard.Service.js.map
D:\Angular\APM\APM\src\app\Products\ProductDetails.component.js
D:\Angular\APM\APM\src\app\Products\ProductDetails.component.js.map
D:\Angular\APM\APM\src\app\Products\Product.js
D:\Angular\APM\APM\src\app\Products\Product.js.map
D:\Angular\APM\APM\src\app\Products\Product.Service.js
D:\Angular\APM\APM\src\app\Products\Product.Service.js.map
D:\Angular\APM\APM\src\app\Products\ProductListComponent.js
D:\Angular\APM\APM\src\app\Products\ProductListComponent.js.map
D:\Angular\APM\APM\src\app\Shared\Star.Component.js
D:\Angular\APM\APM\src\app\Shared\Star.Component.js.map
D:\Angular\APM\APM\src\app\Shared\shared.module.js
D:\Angular\APM\APM\src\app\Shared\shared.module.js.map
D:\Angular\APM\APM\src\app\Products\product.module.js
D:\Angular\APM\APM\src\app\Products\product.module.js.map
D:\Angular\APM\APM\src\app\app.module.js
D:\Angular\APM\APM\src\app\app.module.js.map
D:\Angular\APM\APM\src\main.js
D:\Angular\APM\APM\src\main.js.map
D:\Angular\APM\APM\src\app\app.component.spec.js
D:\Angular\APM\APM\src\app\app.component.spec.js.map
